10/15/2024 03:21:57 ==> Creating a connection between MySQL and Python
10/15/2024 03:21:57 ==> Connection established between MySQL and Python
10/15/2024 03:21:58 ==> Creating first cursor object from connection
10/15/2024 03:21:58 ==> Cursor object created to communicate with MySQL using Python.
10/15/2024 03:21:58 ==> Dropping Database if it already exists.
10/15/2024 03:21:58 ==> Creating Database.
10/15/2024 03:21:58 ==> Database created.
10/15/2024 03:21:58 ==> Database 'db_views' was successfully created.
10/15/2024 03:21:58 ==> Database 'db_views' set for use.
10/15/2024 03:21:58 ==> tbl_orders table created.
10/15/2024 03:21:58 ==> tbl_products table created.
10/15/2024 03:21:58 ==> tbl_customers table created.
10/15/2024 03:21:58 ==> tbl_employees table created.
10/15/2024 03:21:59 ==> Executing the query: SELECT * FROM tbl_orders;
10/15/2024 03:21:59 ==> Executing the query: SELECT * FROM tbl_products;
10/15/2024 03:21:59 ==> Executing the query: SELECT * FROM tbl_customers;
10/15/2024 03:21:59 ==> NumExpr defaulting to 8 threads.
10/15/2024 03:22:00 ==> Falling back to TensorFlow client; we recommended you install the Cloud TPU client directly with pip install cloud-tpu-client.
10/15/2024 03:22:01 ==> Creating converter from 7 to 5
10/15/2024 03:22:01 ==> Creating converter from 5 to 7
10/15/2024 03:22:01 ==> Creating converter from 7 to 5
10/15/2024 03:22:01 ==> Creating converter from 5 to 7
10/15/2024 03:23:03 ==> Executing the query: SELECT MONTH(OrderDate) FROM tbl_orders
10/15/2024 03:26:54 ==> Executing the query: SELECT DATE_FORMAT(OrderDate, '%Y-%m-01') AS OrderMonth FROM tbl_orders
10/15/2024 03:27:47 ==> Executing the query: SELECT DATE_FORMAT(OrderDate, '%Y-%m-01') AS OrderMonth, SUM(Sales) 
FROM tbl_orders
GROUP BY DATE_FORMAT(OrderDate, '%Y-%m-01')

10/15/2024 03:27:58 ==> Executing the query: SELECT DATE_FORMAT(OrderDate, '%Y-%m-01') AS OrderMonth, SUM(Sales) AS TotalSales
FROM tbl_orders
GROUP BY DATE_FORMAT(OrderDate, '%Y-%m-01')

10/15/2024 03:30:29 ==> Executing the query: WITH CTE_Monthly_Summary AS (SELECT DATE_FORMAT(OrderDate, '%Y-%m-01') AS OrderMonth, SUM(Sales) AS TotalSales
FROM tbl_orders
GROUP BY DATE_FORMAT(OrderDate, '%Y-%m-01'))

SELECT OrderMonth, TotalSales,
SUM(TotalSales) OVER (ORDER BY OrderMonth) AS RunningTotal
FROM CTE_Monthly_Summary

10/15/2024 03:31:41 ==> Executing the query: SELECT DATE_FORMAT(OrderDate, '%Y-%m-01') AS OrderMonth, 
SUM(Sales) AS TotalSales,
COUNT(ID),
FROM tbl_orders
GROUP BY DATE_FORMAT(OrderDate, '%Y-%m-01')

10/15/2024 03:32:03 ==> Executing the query: SELECT DATE_FORMAT(OrderDate, '%Y-%m-01') AS OrderMonth, 
SUM(Sales) AS TotalSales,
COUNT(ID),
SUM(Quantity)
FROM tbl_orders
GROUP BY DATE_FORMAT(OrderDate, '%Y-%m-01')

10/15/2024 03:32:12 ==> Executing the query: SELECT DATE_FORMAT(OrderDate, '%Y-%m-01') AS OrderMonth, 
SUM(Sales) AS TotalSales,
COUNT(OrderID),
SUM(Quantity)
FROM tbl_orders
GROUP BY DATE_FORMAT(OrderDate, '%Y-%m-01')

10/15/2024 03:32:46 ==> Executing the query: SELECT DATE_FORMAT(OrderDate, '%Y-%m-01') AS OrderMonth, 
SUM(Sales) AS TotalSales,
COUNT(OrderID) AS TotalOrders,
SUM(Quantity) AS TotalQuantity
FROM tbl_orders
GROUP BY DATE_FORMAT(OrderDate, '%Y-%m-01')

10/15/2024 03:36:04 ==> Executing the query: SELECT * FROM Monthly_Summary
10/15/2024 03:37:38 ==> Executing the query: SELECT OrderMonth, TotalSales,
SUM(TotalSales) OVER (ORDER BY OrderMonth) AS RunningTotal
FROM Monthly_Summary

10/15/2024 03:44:12 ==> Executing the query: SELECT OrderMonth, TotalSales,
SUM(TotalSales) OVER (ORDER BY OrderMonth) AS RunningTotal
FROM Monthly_Summary

10/15/2024 03:45:00 ==> Executing the query: SELECT * 
FROM Monthly_Summary

10/15/2024 03:45:54 ==> Executing the query: SELECT *, SUM(TotalSales) OVER (ORDER BY OrderMonth) AS RunningTotal
FROM Monthly_Summary

10/15/2024 03:46:10 ==> Executing the query: SELECT *, SUM(TotalSales) OVER () AS RunningTotal
FROM Monthly_Summary

10/15/2024 03:46:39 ==> Executing the query: SELECT *, SUM(TotalSales) OVER (ORDER BY OrderMonth) AS RunningTotal
FROM Monthly_Summary

10/15/2024 03:48:44 ==> Executing the query: SELECT *, SUM(TotalSales) OVER (ORDER BY OrderMonth) AS RunningTotal
FROM Monthly_Summary

10/15/2024 04:13:41 ==> Executing the query: 
SELECT OrderID, OrderDate, Sales, Quantity, Product, Category, Price, CONCAT(FirstName, '', LastName) AS CustomerName
FROM tbl_orders
LEFT JOIN tbl_products USING(ProductID)
LEFT JOIN tbl_customers USING(CustomerID)

10/15/2024 04:13:49 ==> Executing the query: 
SELECT OrderID, OrderDate, Sales, Quantity, Product, Category, Price, CONCAT(FirstName, ' ', LastName) AS CustomerName
FROM tbl_orders
LEFT JOIN tbl_products USING(ProductID)
LEFT JOIN tbl_customers USING(CustomerID)

10/15/2024 04:14:32 ==> Executing the query: 
SELECT OrderID, OrderDate, Sales, Quantity, Product, Category, Price, CONCAT(COALESCE(FirstName, ''), ' ', COALESCE(LastName, '')) AS CustomerName
FROM tbl_orders
LEFT JOIN tbl_products USING(ProductID)
LEFT JOIN tbl_customers USING(CustomerID)

10/15/2024 04:15:24 ==> Executing the query: 
SELECT OrderID, OrderDate, Sales, Quantity, Product, Category, Price, CONCAT(COALESCE(FirstName, ''), ' ', COALESCE(LastName, '')) AS CustomerName
FROM tbl_orders
LEFT JOIN tbl_products USING(ProductID)
LEFT JOIN tbl_customers USING(CustomerID)

10/15/2024 04:16:48 ==> Executing the query: 
SELECT OrderID, OrderDate, Sales, Quantity, Product, Category, Price, CONCAT(COALESCE(FirstName, ''), ' ', COALESCE(LastName, '')) AS CustomerName, 
CONCAT(COALESCE(emp.FirstName, ''), ' ', COALESCE(emp.LastName, '')) AS EmployeeName
FROM tbl_orders
LEFT JOIN tbl_products USING(ProductID)
LEFT JOIN tbl_customers USING(CustomerID)
LEFT JOIN tbl_employees as emp ON 

10/15/2024 04:16:57 ==> Executing the query: 
SELECT OrderID, OrderDate, Sales, Quantity, Product, Category, Price, CONCAT(COALESCE(FirstName, ''), ' ', COALESCE(LastName, '')) AS CustomerName, 
CONCAT(COALESCE(emp.FirstName, ''), ' ', COALESCE(emp.LastName, '')) AS EmployeeName,
FROM tbl_orders
LEFT JOIN tbl_products USING(ProductID)
LEFT JOIN tbl_customers USING(CustomerID)
LEFT JOIN tbl_employees as emp ON 

10/15/2024 04:18:51 ==> Executing the query: 
SELECT OrderID, OrderDate, Sales, Quantity, Product, Category, Price, CONCAT(COALESCE(FirstName, ''), ' ', COALESCE(LastName, '')) AS CustomerName, 
CONCAT(COALESCE(emp.FirstName, ''), ' ', COALESCE(emp.LastName, '')) AS EmployeeName,
FROM tbl_orders AS o
LEFT JOIN tbl_products AS p USING(ProductID)
LEFT JOIN tbl_customers AS c USING(CustomerID)
LEFT JOIN tbl_employees AS e ON e.EmployeeID = o.SalesPersonID

10/15/2024 04:19:21 ==> Executing the query: 
SELECT OrderID, OrderDate, Sales, Quantity, Product, Category, Price, CONCAT(COALESCE(FirstName, ''), ' ', COALESCE(LastName, '')) AS CustomerName, 
CONCAT(COALESCE(emp.FirstName, ''), ' ', COALESCE(emp.LastName, '')) AS EmployeeName,
FROM tbl_orders o
LEFT JOIN tbl_products p USING(ProductID)
LEFT JOIN tbl_customers c USING(CustomerID)
LEFT JOIN tbl_employees e ON e.EmployeeID = o.SalesPersonID

10/15/2024 04:19:45 ==> Executing the query: 
SELECT OrderID, OrderDate, Sales, Quantity, Product, Category, Price, CONCAT(COALESCE(FirstName, ''), ' ', COALESCE(LastName, '')) AS CustomerName, 
CONCAT(COALESCE(emp.FirstName, ''), ' ', COALESCE(emp.LastName, '')) AS EmployeeName,
FROM tbl_orders o
LEFT JOIN tbl_products USING(ProductID)
LEFT JOIN tbl_customers USING(CustomerID)
LEFT JOIN tbl_employees e ON e.EmployeeID = o.SalesPersonID

10/15/2024 04:20:05 ==> Executing the query: 
SELECT OrderID, OrderDate, Sales, Quantity, Product, Category, Price, CONCAT(COALESCE(FirstName, ''), ' ', COALESCE(LastName, '')) AS CustomerName, 
CONCAT(COALESCE(e.FirstName, ''), ' ', COALESCE(e.LastName, '')) AS EmployeeName,
FROM tbl_orders o
LEFT JOIN tbl_products USING(ProductID)
LEFT JOIN tbl_customers USING(CustomerID)
LEFT JOIN tbl_employees e ON e.EmployeeID = o.SalesPersonID

10/15/2024 04:22:09 ==> Executing the query: 
SELECT OrderID, OrderDate, Sales, Quantity, Product, Category, Price, CONCAT(COALESCE(FirstName, ''), ' ', COALESCE(LastName, '')) AS CustomerName, 
-- CONCAT(COALESCE(e.FirstName, ''), ' ', COALESCE(e.LastName, '')) AS EmployeeName,
FROM tbl_orders o
LEFT JOIN tbl_products USING(ProductID)
LEFT JOIN tbl_customers USING(CustomerID)


10/15/2024 04:22:20 ==> Executing the query: 
SELECT OrderID, OrderDate, Sales, Quantity, Product, Category, Price, CONCAT(COALESCE(FirstName, ''), ' ', COALESCE(LastName, '')) AS CustomerName, 
-- CONCAT(COALESCE(e.FirstName, ''), ' ', COALESCE(e.LastName, '')) AS EmployeeName,
FROM tbl_orders 
LEFT JOIN tbl_products USING(ProductID)
LEFT JOIN tbl_customers USING(CustomerID)


10/15/2024 04:22:35 ==> Executing the query: 
SELECT OrderID, OrderDate, Sales, Quantity, Product, Category, Price, CONCAT(COALESCE(FirstName, ''), ' ', COALESCE(LastName, '')) AS CustomerName, 

FROM tbl_orders 
LEFT JOIN tbl_products USING(ProductID)
LEFT JOIN tbl_customers USING(CustomerID)


10/15/2024 04:22:53 ==> Executing the query: 
SELECT OrderID, OrderDate, Sales, Quantity, Product, Category, Price, CONCAT(COALESCE(FirstName, ''), ' ', COALESCE(LastName, '')) AS CustomerName, 
FROM tbl_orders 
LEFT JOIN tbl_products USING(ProductID)
LEFT JOIN tbl_customers USING(CustomerID)

10/15/2024 04:23:08 ==> Executing the query: SELECT OrderID, OrderDate, Sales, Quantity, Product, Category, Price, CONCAT(COALESCE(FirstName, ''), ' ', COALESCE(LastName, '')) AS CustomerName, 
FROM tbl_orders 
LEFT JOIN tbl_products USING(ProductID)
LEFT JOIN tbl_customers USING(CustomerID)

10/15/2024 04:26:18 ==> Executing the query: SELECT OrderID, OrderDate, Sales, Quantity, Product, Category, Price, 
CONCAT(COALESCE(c.FirstName, ''), ' ', COALESCE(c.LastName, '')) AS CustomerName,
CONCAT(COALESCE(e.FirstName, ''), ' ', COALESCE(e.LastName, '')) AS EmployeeName
FROM tbl_orders o
LEFT JOIN tbl_products p USING(ProductID)
LEFT JOIN tbl_customers c USING(CustomerID)
LEFT JOIN tbl_employees e ON e.EmployeeID = o.SalesPersonID

10/15/2024 04:27:13 ==> Executing the query: SELECT OrderID, OrderDate, Sales, Quantity, Product, Category, Price, 
CONCAT(COALESCE(c.FirstName, ''), ' ', COALESCE(c.LastName, '')) AS CustomerName,
CONCAT(COALESCE(e.FirstName, ''), ' ', COALESCE(e.LastName, '')) AS EmployeeName,
Department
FROM tbl_orders o
LEFT JOIN tbl_products p USING(ProductID)
LEFT JOIN tbl_customers c USING(CustomerID)
LEFT JOIN tbl_employees e ON e.EmployeeID = o.SalesPersonID

10/15/2024 04:27:26 ==> Executing the query: SELECT OrderID, OrderDate, Sales, Quantity, Product, Category, Price, 
CONCAT(COALESCE(c.FirstName, ''), ' ', COALESCE(c.LastName, '')) AS CustomerName,
CONCAT(COALESCE(e.FirstName, ''), ' ', COALESCE(e.LastName, '')) AS EmployeeName,
Department
FROM tbl_orders 
LEFT JOIN tbl_products USING(ProductID)
LEFT JOIN tbl_customers c USING(CustomerID)
LEFT JOIN tbl_employees e ON e.EmployeeID = o.SalesPersonID

10/15/2024 04:27:36 ==> Executing the query: SELECT OrderID, OrderDate, Sales, Quantity, Product, Category, Price, 
CONCAT(COALESCE(c.FirstName, ''), ' ', COALESCE(c.LastName, '')) AS CustomerName,
CONCAT(COALESCE(e.FirstName, ''), ' ', COALESCE(e.LastName, '')) AS EmployeeName,
Department
FROM tbl_orders o
LEFT JOIN tbl_products USING(ProductID)
LEFT JOIN tbl_customers c USING(CustomerID)
LEFT JOIN tbl_employees e ON e.EmployeeID = o.SalesPersonID

10/15/2024 04:30:28 ==> Executing the query: CREATE OR REPLACE VIEW View_OrderDetails AS (SELECT OrderID, OrderDate, Sales, Quantity, Product, Category, Price, 
CONCAT(COALESCE(c.FirstName, ''), ' ', COALESCE(c.LastName, '')) AS CustomerName,
CONCAT(COALESCE(e.FirstName, ''), ' ', COALESCE(e.LastName, '')) AS EmployeeName,
Department
FROM tbl_orders o
LEFT JOIN tbl_products USING(ProductID)
LEFT JOIN tbl_customers c USING(CustomerID)
LEFT JOIN tbl_employees e ON e.EmployeeID = o.SalesPersonID);

10/15/2024 04:30:35 ==> Executing the query: SELECT * FROM View_OrderDetails

10/15/2024 04:30:52 ==> Executing the query: SELECT * FROM View_OrderDetails

10/15/2024 04:42:44 ==> Executing the query: SELECT * FROM tbl_customers;
10/15/2024 04:52:18 ==> Executing the query: SELECT * FROM View_EU_OrderDetails

10/15/2024 05:02:55 ==> Executing the query: SELECT * FROM View_Germany_OrderDetails

10/15/2024 05:12:06 ==> No such comm target registered: jupyter.widget.control
10/15/2024 05:12:06 ==> No such comm: 4eb7b73d-93f6-449d-bfe3-6d5bd719604c
10/15/2024 05:12:06 ==> Current comms: []
10/15/2024 07:44:13 ==> Executing the query: SELECT * FROM db_Exercise.Bookings;
10/15/2024 07:45:27 ==> Executing the query: SHOW TABLES FROM db_Exercise;
10/15/2024 07:58:11 ==> Executing the query: SHOW databases;
10/15/2024 08:09:16 ==> No such comm target registered: jupyter.widget.control
10/15/2024 08:09:16 ==> No such comm: 563101c7-15c1-415b-8abd-f7eb0f2f930f
10/15/2024 08:09:16 ==> Current comms: []
10/15/2024 05:09:20 ==> No such comm target registered: jupyter.widget.control
10/15/2024 05:09:20 ==> No such comm: 09c95334-8b43-4cee-a05c-7f4016aced02
10/15/2024 05:09:20 ==> Current comms: []
10/15/2024 07:56:05 ==> No such comm target registered: jupyter.widget.control
10/15/2024 07:56:05 ==> No such comm: b3425735-f218-4702-8a62-21190e638a11
10/15/2024 07:56:05 ==> Current comms: []
